<?xml version="1.0" encoding="UTF-8"?>
<!-- Generated by org.testng.reporters.JUnitReportReporter -->
<testsuite hostname="DenOfDeadpool" failures="0" tests="1" name="tools.Report" time="75.991" errors="0" timestamp="2020-11-27T16:29:37 IST" skipped="0">
  <testcase classname="tools.Report" name="amazonTest" time="75.991"/>
  <system-out/>
</testsuite> <!-- tools.Report -->
