<?xml version="1.0" encoding="UTF-8"?>
<!-- Generated by org.testng.reporters.JUnitReportReporter -->
<testsuite hostname="DenOfDeadpool" failures="0" tests="1" name="test.AmazonTest" time="200.269" errors="0" timestamp="2020-11-27T16:03:20 IST" skipped="0">
  <testcase classname="test.AmazonTest" name="amazonTest" time="200.269"/>
  <system-out/>
</testsuite> <!-- test.AmazonTest -->
